<?xml version="1.0" encoding="UTF-8"?>
<!-- Generated by org.testng.reporters.JUnitXMLReporter -->
<testsuite hostname="N000613" ignored="0" name="Contatos" tests="5" failures="0" timestamp="23 jul 2020 13:52:35 GMT" time="20.04" errors="0">
  <testcase name="@BeforeMethod InicializaTeste" time="19.554" classname="testCases.Contato">
    <failure type="java.io.FileNotFoundException" message="src\test\java\RTA\testCases\slnNuvem\maxMotorista\Contato.json (O sistema não pode encontrar o arquivo especificado)">
      <![CDATA[java.io.FileNotFoundException: src\test\java\RTA\testCases\slnNuvem\maxMotorista\Contato.json (O sistema não pode encontrar o arquivo especificado)
at java.io.FileInputStream.open0(Native Method)
at java.io.FileInputStream.open(FileInputStream.java:195)
at java.io.FileInputStream.<init>(FileInputStream.java:138)
at java.io.FileInputStream.<init>(FileInputStream.java:93)
at java.io.FileReader.<init>(FileReader.java:58)
at util.Configuracao.readRta(Configuracao.java:100)
at testCases.Contato.InicializaTeste(Contato.java:25)
at java.util.concurrent.FutureTask.run(FutureTask.java:266)
at java.util.concurrent.ThreadPoolExecutor.runWorker(ThreadPoolExecutor.java:1149)
at java.util.concurrent.ThreadPoolExecutor$Worker.run(ThreadPoolExecutor.java:624)
at java.lang.Thread.run(Thread.java:748)
... Removed 19 stack frames]]>
    </failure>
  </testcase> <!-- @BeforeMethod InicializaTeste -->
  <testcase name="@AfterMethod tearDown" time="0.0" classname="testCases.Contato">
    <skipped/>
  </testcase> <!-- @AfterMethod tearDown -->
  <testcase name="@BeforeMethod InicializaTeste" time="0.0" classname="testCases.Contato">
    <skipped/>
  </testcase> <!-- @BeforeMethod InicializaTeste -->
  <testcase name="@AfterMethod tearDown" time="0.0" classname="testCases.Contato">
    <skipped/>
  </testcase> <!-- @AfterMethod tearDown -->
  <testcase name="@BeforeMethod InicializaTeste" time="0.0" classname="testCases.Contato">
    <skipped/>
  </testcase> <!-- @BeforeMethod InicializaTeste -->
  <testcase name="@AfterMethod tearDown" time="0.0" classname="testCases.Contato">
    <skipped/>
  </testcase> <!-- @AfterMethod tearDown -->
  <testcase name="@BeforeMethod InicializaTeste" time="0.0" classname="testCases.Contato">
    <skipped/>
  </testcase> <!-- @BeforeMethod InicializaTeste -->
  <testcase name="@AfterMethod tearDown" time="0.0" classname="testCases.Contato">
    <skipped/>
  </testcase> <!-- @AfterMethod tearDown -->
  <testcase name="@BeforeMethod InicializaTeste" time="0.0" classname="testCases.Contato">
    <skipped/>
  </testcase> <!-- @BeforeMethod InicializaTeste -->
  <testcase name="@AfterMethod tearDown" time="0.0" classname="testCases.Contato">
    <skipped/>
  </testcase> <!-- @AfterMethod tearDown -->
  <testcase name="cadastrar" time="0.0" classname="testCases.Contato">
    <skipped/>
  </testcase> <!-- cadastrar -->
  <testcase name="editar" time="0.0" classname="testCases.Contato">
    <skipped/>
  </testcase> <!-- editar -->
  <testcase name="filtrar" time="0.0" classname="testCases.Contato">
    <skipped/>
  </testcase> <!-- filtrar -->
  <testcase name="deletar" time="0.0" classname="testCases.Contato">
    <skipped/>
  </testcase> <!-- deletar -->
  <testcase name="camposObrigatorios" time="0.0" classname="testCases.Contato">
    <skipped/>
  </testcase> <!-- camposObrigatorios -->
</testsuite> <!-- Contatos -->
